0 info it worked if it ends with ok
1 verbose cli [ '/usr/local/bin/node', '/usr/local/bin/npm', 'publish' ]
2 info using npm@3.8.6
3 info using node@v5.12.0
4 verbose publish [ '.' ]
5 silly cache add args [ '.', null ]
6 verbose cache add spec .
7 silly cache add parsed spec Result {
7 silly cache add   raw: '.',
7 silly cache add   scope: null,
7 silly cache add   name: null,
7 silly cache add   rawSpec: '.',
7 silly cache add   spec: '/Users/steve/Development/skit',
7 silly cache add   type: 'directory' }
8 verbose addLocalDirectory /Users/steve/.npm/skit/0.3.7/package.tgz not in flight; packing
9 verbose correctMkdir /Users/steve/.npm correctMkdir not in flight; initializing
10 info lifecycle skit@0.3.7~prepublish: skit@0.3.7
11 silly lifecycle skit@0.3.7~prepublish: no script for prepublish, continuing
12 verbose tar pack [ '/Users/steve/.npm/skit/0.3.7/package.tgz',
12 verbose tar pack   '/Users/steve/Development/skit' ]
13 verbose tarball /Users/steve/.npm/skit/0.3.7/package.tgz
14 verbose folder /Users/steve/Development/skit
15 verbose addLocalTarball adding from inside cache /Users/steve/.npm/skit/0.3.7/package.tgz
16 verbose correctMkdir /Users/steve/.npm correctMkdir not in flight; initializing
17 silly cache afterAdd skit@0.3.7
18 verbose afterAdd /Users/steve/.npm/skit/0.3.7/package/package.json not in flight; writing
19 verbose correctMkdir /Users/steve/.npm correctMkdir not in flight; initializing
20 verbose afterAdd /Users/steve/.npm/skit/0.3.7/package/package.json written
21 silly publish { name: 'skit',
21 silly publish   description: 'A pure JavaScript frontend for building better web clients.',
21 silly publish   version: '0.3.7',
21 silly publish   engines: { node: '>=0.10.0' },
21 silly publish   bin: { skit: './bin/skit' },
21 silly publish   dependencies:
21 silly publish    { acorn: '3.0.x',
21 silly publish      handlebars: '4.0.x',
21 silly publish      request: '2.69.0',
21 silly publish      connect: '3.4.x',
21 silly publish      'body-parser': '1.15.x',
21 silly publish      send: '0.13.x',
21 silly publish      'http-proxy': '1.13.x',
21 silly publish      cookies: '0.6.1',
21 silly publish      compression: '1.6.x',
21 silly publish      'uglify-js': '2.6.1',
21 silly publish      minimist: '1.2.x' },
21 silly publish   main: 'lib/skit',
21 silly publish   repository:
21 silly publish    { type: 'git',
21 silly publish      url: 'git+https://github.com/clusterinc/skit.git' },
21 silly publish   bugs: { url: 'http://github.com/clusterinc/skit/issues' },
21 silly publish   homepage: 'http://skitjs.com/',
21 silly publish   license: 'MIT',
21 silly publish   readme: 'skit\n====\nA pure JavaScript frontend for building better web clients.\n<a href="http://skitjs.com/">http://skitjs.com/</a>\n\nSee also: <a href="http://skitjs.com/docs">API reference</a> and <a href="http://skitjs.com/getting-started">getting started tutorial</a>\n\n### Upcoming features\n\n* Client-side navigation/rendering and history management for subsequent pageloads.\n* Performance improvements, including the ability to cache content from backends.\n* Better integration points for backend proxies.\n\n### Changelog\n\nCheck out the <a href="https://github.com/clusterinc/skit/releases">Releases</a> for a list of changes with every version.\n',
21 silly publish   readmeFilename: 'README.md',
21 silly publish   gitHead: 'd1c84dff1f5817e96d1a5a9d5eef5c8d7e717abb',
21 silly publish   _id: 'skit@0.3.7',
21 silly publish   scripts: {},
21 silly publish   _shasum: '14c314d21c051de310063f9b9ef93e0d11147db7',
21 silly publish   _from: '.' }
22 verbose getPublishConfig undefined
23 silly mapToRegistry name skit
24 silly mapToRegistry using default registry
25 silly mapToRegistry registry https://registry.npmjs.org/
26 silly mapToRegistry data Result {
26 silly mapToRegistry   raw: 'skit',
26 silly mapToRegistry   scope: null,
26 silly mapToRegistry   name: 'skit',
26 silly mapToRegistry   rawSpec: '',
26 silly mapToRegistry   spec: 'latest',
26 silly mapToRegistry   type: 'tag' }
27 silly mapToRegistry uri https://registry.npmjs.org/skit
28 verbose publish registryBase https://registry.npmjs.org/
29 silly publish uploading /Users/steve/.npm/skit/0.3.7/package.tgz
30 verbose request uri https://registry.npmjs.org/skit
31 verbose request sending authorization for write operation
32 info attempt registry request try #1 at 9:04:39 PM
33 verbose request using bearer token for auth
34 verbose request id 37ee7727343488ed
35 http request PUT https://registry.npmjs.org/skit
36 http 403 https://registry.npmjs.org/skit
37 verbose headers { 'content-type': 'application/json',
37 verbose headers   'cache-control': 'max-age=300',
37 verbose headers   'content-length': '98',
37 verbose headers   'accept-ranges': 'bytes',
37 verbose headers   date: 'Sat, 20 May 2017 04:04:39 GMT',
37 verbose headers   via: '1.1 varnish',
37 verbose headers   connection: 'keep-alive',
37 verbose headers   'x-served-by': 'cache-sjc3123-SJC',
37 verbose headers   'x-cache': 'MISS',
37 verbose headers   'x-cache-hits': '0',
37 verbose headers   'x-timer': 'S1495253079.336025,VS0,VE277',
37 verbose headers   vary: 'Accept-Encoding' }
38 verbose request invalidating /Users/steve/.npm/registry.npmjs.org/skit on PUT
39 error publish Failed PUT 403
40 verbose stack Error: you do not have permission to publish "skit". Are you logged in as the correct user? : skit
40 verbose stack     at makeError (/usr/local/lib/node_modules/npm/node_modules/npm-registry-client/lib/request.js:264:12)
40 verbose stack     at CachingRegistryClient.<anonymous> (/usr/local/lib/node_modules/npm/node_modules/npm-registry-client/lib/request.js:252:14)
40 verbose stack     at Request._callback (/usr/local/lib/node_modules/npm/node_modules/npm-registry-client/lib/request.js:172:14)
40 verbose stack     at Request.self.callback (/usr/local/lib/node_modules/npm/node_modules/request/request.js:199:22)
40 verbose stack     at emitTwo (events.js:100:13)
40 verbose stack     at Request.emit (events.js:185:7)
40 verbose stack     at Request.<anonymous> (/usr/local/lib/node_modules/npm/node_modules/request/request.js:1036:10)
40 verbose stack     at emitOne (events.js:95:20)
40 verbose stack     at Request.emit (events.js:182:7)
40 verbose stack     at IncomingMessage.<anonymous> (/usr/local/lib/node_modules/npm/node_modules/request/request.js:963:12)
41 verbose statusCode 403
42 verbose pkgid skit
43 verbose cwd /Users/steve/Development/skit
44 error Darwin 16.0.0
45 error argv "/usr/local/bin/node" "/usr/local/bin/npm" "publish"
46 error node v5.12.0
47 error npm  v3.8.6
48 error code E403
49 error you do not have permission to publish "skit". Are you logged in as the correct user? : skit
50 error If you need help, you may report this error at:
50 error     <https://github.com/npm/npm/issues>
51 verbose exit [ 1, true ]
